<?xml version="1.0" encoding="UTF-8"?>
<!-- Generated by org.testng.reporters.JUnitReportReporter -->
<testsuite ignored="0" hostname="Alekseys-MacBook-Pro.local" failures="0" tests="2" name="grin.aleksey.AppTest" time="88.192" errors="0" timestamp="23 Apr 2022 12:40:34 GMT" skipped="0">
  <testcase classname="grin.aleksey.AppTest" name="calculatorPlusTest" time="45.459"/>
  <testcase classname="grin.aleksey.AppTest" name="calculatorMinusTest" time="42.733"/>
</testsuite> <!-- grin.aleksey.AppTest -->
