<?xml version="1.0" encoding="UTF-8"?>
<testsuite xmlns:xsi="http://www.w3.org/2001/XMLSchema-instance" xsi:noNamespaceSchemaLocation="https://maven.apache.org/surefire/maven-surefire-plugin/xsd/surefire-test-report.xsd" name="grin.aleksey.AppTest" time="45.847" tests="2" errors="0" skipped="0" failures="0">
  <properties>
    <property name="java.specification.version" value="18"/>
    <property name="sun.jnu.encoding" value="UTF-8"/>
    <property name="java.class.path" value="/Users/alekseygrin/IdeaProjects/JavaProfessionalIntern/GrinAlekseyMaven/target/test-classes:/Users/alekseygrin/IdeaProjects/JavaProfessionalIntern/GrinAlekseyMaven/target/classes:/Users/alekseygrin/.m2/repository/junit/junit/4.11/junit-4.11.jar:/Users/alekseygrin/.m2/repository/org/hamcrest/hamcrest-core/1.3/hamcrest-core-1.3.jar:/Users/alekseygrin/.m2/repository/org/testng/testng/6.10/testng-6.10.jar:/Users/alekseygrin/.m2/repository/com/beust/jcommander/1.48/jcommander-1.48.jar:"/>
    <property name="java.vm.vendor" value="Oracle Corporation"/>
    <property name="sun.arch.data.model" value="64"/>
    <property name="java.vendor.url" value="https://java.oracle.com/"/>
    <property name="os.name" value="Mac OS X"/>
    <property name="java.vm.specification.version" value="18"/>
    <property name="sun.java.launcher" value="SUN_STANDARD"/>
    <property name="user.country" value="RU"/>
    <property name="sun.boot.library.path" value="/Library/Java/JavaVirtualMachines/jdk-18.jdk/Contents/Home/lib"/>
    <property name="sun.java.command" value="/Users/alekseygrin/IdeaProjects/JavaProfessionalIntern/GrinAlekseyMaven/target/surefire/surefirebooter2221436748852620207.jar /Users/alekseygrin/IdeaProjects/JavaProfessionalIntern/GrinAlekseyMaven/target/surefire 2022-04-23T15-32-16_559-jvmRun1 surefire6525633064085515107tmp surefire_014587359784932213183tmp"/>
    <property name="http.nonProxyHosts" value="local|*.local|169.254/16|*.169.254/16"/>
    <property name="jdk.debug" value="release"/>
    <property name="surefire.test.class.path" value="/Users/alekseygrin/IdeaProjects/JavaProfessionalIntern/GrinAlekseyMaven/target/test-classes:/Users/alekseygrin/IdeaProjects/JavaProfessionalIntern/GrinAlekseyMaven/target/classes:/Users/alekseygrin/.m2/repository/junit/junit/4.11/junit-4.11.jar:/Users/alekseygrin/.m2/repository/org/hamcrest/hamcrest-core/1.3/hamcrest-core-1.3.jar:/Users/alekseygrin/.m2/repository/org/testng/testng/6.10/testng-6.10.jar:/Users/alekseygrin/.m2/repository/com/beust/jcommander/1.48/jcommander-1.48.jar:"/>
    <property name="sun.cpu.endian" value="little"/>
    <property name="user.home" value="/Users/alekseygrin"/>
    <property name="user.language" value="en"/>
    <property name="java.specification.vendor" value="Oracle Corporation"/>
    <property name="java.version.date" value="2022-03-22"/>
    <property name="java.home" value="/Library/Java/JavaVirtualMachines/jdk-18.jdk/Contents/Home"/>
    <property name="file.separator" value="/"/>
    <property name="basedir" value="/Users/alekseygrin/IdeaProjects/JavaProfessionalIntern/GrinAlekseyMaven"/>
    <property name="java.vm.compressedOopsMode" value="Zero based"/>
    <property name="line.separator" value="&#10;"/>
    <property name="java.specification.name" value="Java Platform API Specification"/>
    <property name="java.vm.specification.vendor" value="Oracle Corporation"/>
    <property name="apple.awt.application.name" value="ForkedBooter"/>
    <property name="surefire.real.class.path" value="/Users/alekseygrin/IdeaProjects/JavaProfessionalIntern/GrinAlekseyMaven/target/surefire/surefirebooter2221436748852620207.jar"/>
    <property name="sun.management.compiler" value="HotSpot 64-Bit Tiered Compilers"/>
    <property name="ftp.nonProxyHosts" value="local|*.local|169.254/16|*.169.254/16"/>
    <property name="java.runtime.version" value="18+36-2087"/>
    <property name="user.name" value="alekseygrin"/>
    <property name="path.separator" value=":"/>
    <property name="os.version" value="12.1"/>
    <property name="java.runtime.name" value="Java(TM) SE Runtime Environment"/>
    <property name="file.encoding" value="UTF-8"/>
    <property name="java.vm.name" value="Java HotSpot(TM) 64-Bit Server VM"/>
    <property name="localRepository" value="/Users/alekseygrin/.m2/repository"/>
    <property name="java.vendor.url.bug" value="https://bugreport.java.com/bugreport/"/>
    <property name="java.io.tmpdir" value="/var/folders/wf/5_91m18j75q3dpsv317cm64c0000gn/T/"/>
    <property name="java.version" value="18"/>
    <property name="user.dir" value="/Users/alekseygrin/IdeaProjects/JavaProfessionalIntern/GrinAlekseyMaven"/>
    <property name="os.arch" value="aarch64"/>
    <property name="java.vm.specification.name" value="Java Virtual Machine Specification"/>
    <property name="native.encoding" value="UTF-8"/>
    <property name="java.library.path" value="/Users/alekseygrin/Library/Java/Extensions:/Library/Java/Extensions:/Network/Library/Java/Extensions:/System/Library/Java/Extensions:/usr/lib/java:."/>
    <property name="java.vm.info" value="mixed mode, sharing"/>
    <property name="java.vendor" value="Oracle Corporation"/>
    <property name="java.vm.version" value="18+36-2087"/>
    <property name="sun.io.unicode.encoding" value="UnicodeBig"/>
    <property name="socksNonProxyHosts" value="local|*.local|169.254/16|*.169.254/16"/>
    <property name="java.class.version" value="62.0"/>
    <property name="maven.surefire.debug" value="true"/>
  </properties>
  <testcase name="calculatorMinusTest on calculatorMinusTest(grin.aleksey.AppTest)" classname="grin.aleksey.AppTest" time="42.73"/>
  <testcase name="calculatorPlusTest on calculatorPlusTest(grin.aleksey.AppTest)" classname="grin.aleksey.AppTest" time="2.725"/>
</testsuite>