<?xml version="1.0" encoding="UTF-8"?>
<!-- Generated by org.testng.reporters.JUnitReportReporter -->
<testsuite ignored="0" hostname="Alekseys-MacBook-Pro.local" failures="0" tests="1" name="net.devcol.AppTest" time="0.013" errors="0" timestamp="18 Apr 2022 14:26:29 GMT" skipped="0">
  <testcase classname="net.devcol.AppTest" name="shouldAnswerWithTrue" time="0.013"/>
</testsuite> <!-- net.devcol.AppTest -->
